<?xml version="1.0" encoding="UTF-8" ?>
<testsuite errors="16" failures="2" hostname="DESKTOP-I9252OC" name="edu.uag.iidis.scec.pruebas.AllTests" skipped="0" tests="24" time="4.635" timestamp="2017-04-07T06:09:43">
  <properties>
    <property name="java.vendor" value="Oracle Corporation" />
    <property name="ant.file.MAL" value="C:\Users\Andres\Desktop\Mantenimiento de Sistemas\MantenimientoSistemas2\build.xml" />
    <property name="sun.java.launcher" value="SUN_STANDARD" />
    <property name="sun.management.compiler" value="HotSpot 64-Bit Tiered Compilers" />
    <property name="os.name" value="Windows 10" />
    <property name="sun.boot.class.path" value="C:\Program Files\Java\jdk1.8.0_111\jre\lib\resources.jar;C:\Program Files\Java\jdk1.8.0_111\jre\lib\rt.jar;C:\Program Files\Java\jdk1.8.0_111\jre\lib\sunrsasign.jar;C:\Program Files\Java\jdk1.8.0_111\jre\lib\jsse.jar;C:\Program Files\Java\jdk1.8.0_111\jre\lib\jce.jar;C:\Program Files\Java\jdk1.8.0_111\jre\lib\charsets.jar;C:\Program Files\Java\jdk1.8.0_111\jre\lib\jfr.jar;C:\Program Files\Java\jdk1.8.0_111\jre\classes" />
    <property name="sun.desktop" value="windows" />
    <property name="java.vm.specification.vendor" value="Oracle Corporation" />
    <property name="ant.home" value="C:\Program Files\apache-ant-1.9.8\bin\.." />
    <property name="java.runtime.version" value="1.8.0_111-b14" />
    <property name="src.home" value="C:\Users\Andres\Desktop\Mantenimiento de Sistemas\MantenimientoSistemas2/src" />
    <property name="user.name" value="Andres" />
    <property name="web.home" value="C:\Users\Andres\Desktop\Mantenimiento de Sistemas\MantenimientoSistemas2/web" />
    <property name="manager.password" value="tomcat" />
    <property name="test.out.dir" value="C:\Users\Andres\Desktop\Mantenimiento de Sistemas\MantenimientoSistemas2/testout" />
    <property name="user.language" value="es" />
    <property name="sun.boot.library.path" value="C:\Program Files\Java\jdk1.8.0_111\jre\bin" />
    <property name="ant.project.default-target" value="install" />
    <property name="docs.home" value="C:\Users\Andres\Desktop\Mantenimiento de Sistemas\MantenimientoSistemas2/docs" />
    <property name="ant.project.name" value="MAL" />
    <property name="java.version" value="1.8.0_111" />
    <property name="lib.home" value="C:\Users\Andres\Desktop\Mantenimiento de Sistemas\MantenimientoSistemas2/build/WEB-INF/lib" />
    <property name="user.timezone" value="" />
    <property name="sun.arch.data.model" value="64" />
    <property name="compile.optimize" value="true" />
    <property name="java.endorsed.dirs" value="C:\Program Files\Java\jdk1.8.0_111\jre\lib\endorsed" />
    <property name="sun.cpu.isalist" value="amd64" />
    <property name="sun.jnu.encoding" value="Cp1252" />
    <property name="file.encoding.pkg" value="sun.io" />
    <property name="ant.file.type.MAL" value="file" />
    <property name="file.separator" value="\" />
    <property name="java.specification.name" value="Java Platform API Specification" />
    <property name="java.class.version" value="52.0" />
    <property name="build.home" value="C:\Users\Andres\Desktop\Mantenimiento de Sistemas\MantenimientoSistemas2/build" />
    <property name="manager.username" value="tomcat" />
    <property name="user.country" value="MX" />
    <property name="java.home" value="C:\Program Files\Java\jdk1.8.0_111\jre" />
    <property name="java.vm.info" value="mixed mode" />
    <property name="ant.file" value="C:\Users\Andres\Desktop\Mantenimiento de Sistemas\MantenimientoSistemas2\build.xml" />
    <property name="os.version" value="10.0" />
    <property name="classes.home" value="C:\Users\Andres\Desktop\Mantenimiento de Sistemas\MantenimientoSistemas2/build/WEB-INF/classes" />
    <property name="path.separator" value=";" />
    <property name="manager.url" value="http://127.0.0.1:8080/manager/text" />
    <property name="java.vm.version" value="25.111-b14" />
    <property name="user.variant" value="" />
    <property name="ant.library.dir" value="C:\Program Files\apache-ant-1.9.8\lib" />
    <property name="java.awt.printerjob" value="sun.awt.windows.WPrinterJob" />
    <property name="sun.io.unicode.encoding" value="UnicodeLittle" />
    <property name="awt.toolkit" value="sun.awt.windows.WToolkit" />
    <property name="sun.stdout.encoding" value="cp850" />
    <property name="user.script" value="" />
    <property name="user.home" value="C:\Users\Andres" />
    <property name="java.specification.vendor" value="Oracle Corporation" />
    <property name="app.path" value="/MAL" />
    <property name="java.library.path" value="C:\Program Files\Java\jdk1.8.0_111\bin;C:\Windows\Sun\Java\bin;C:\Windows\system32;C:\Windows;C:\ProgramData\Oracle\Java\javapath;C:\WINDOWS;C:\WINDOWS\system32;C:\Program Files\Java\jdk1.8.0_111\bin;C:\xampp\php;C:\ProgramData\ComposerSetup\bin;C:\Windows\system32\config\systemprofile\.dnx\bin;C:\Program Files\Microsoft DNX\Dnvm\;C:\Program Files\Microsoft SQL Server\130\Tools\Binn\;C:\Program Files\MySQL\MySQL Utilities 1.6\;C:\Program Files\apache-ant-1.9.8\bin;C:\Program Files\Java\jdk1.8.0_111\jre\lib\ext;C:\Program Files (x86)\Git\cmd;C:\Program Files\nodejs\;C:\Program Files\MATLAB\MATLAB Production Server\R2015a\runtime\win64;C:\Program Files\MATLAB\MATLAB Production Server\R2015a\bin;C:\Program Files\MATLAB\MATLAB Production Server\R2015a\polyspace\bin;C:\Users\Andres\AppData\Local\Microsoft\WindowsApps;C:\Program Files\Java\jdk1.8.0_111;C:\Users\Andres\AppData\Roaming\Composer\vendor\bin;C:\Users\Andres\AppData\Roaming\npm;C:\Users\Andres\AppData\Local\atom\bin;." />
    <property name="java.vendor.url" value="http://java.oracle.com/" />
    <property name="java.vm.vendor" value="Oracle Corporation" />
    <property name="java.runtime.name" value="Java(TM) SE Runtime Environment" />
    <property name="sun.java.command" value="org.apache.tools.ant.launch.Launcher junitreport" />
    <property name="java.class.path" value="C:\Program Files\apache-ant-1.9.8\bin\..\lib\ant-launcher.jar;C:\Program Files\apache-ant-1.9.8\lib\ant-antlr.jar;C:\Program Files\apache-ant-1.9.8\lib\ant-apache-bcel.jar;C:\Program Files\apache-ant-1.9.8\lib\ant-apache-bsf.jar;C:\Program Files\apache-ant-1.9.8\lib\ant-apache-log4j.jar;C:\Program Files\apache-ant-1.9.8\lib\ant-apache-oro.jar;C:\Program Files\apache-ant-1.9.8\lib\ant-apache-regexp.jar;C:\Program Files\apache-ant-1.9.8\lib\ant-apache-resolver.jar;C:\Program Files\apache-ant-1.9.8\lib\ant-apache-xalan2.jar;C:\Program Files\apache-ant-1.9.8\lib\ant-commons-logging.jar;C:\Program Files\apache-ant-1.9.8\lib\ant-commons-net.jar;C:\Program Files\apache-ant-1.9.8\lib\ant-jai.jar;C:\Program Files\apache-ant-1.9.8\lib\ant-javamail.jar;C:\Program Files\apache-ant-1.9.8\lib\ant-jdepend.jar;C:\Program Files\apache-ant-1.9.8\lib\ant-jmf.jar;C:\Program Files\apache-ant-1.9.8\lib\ant-jsch.jar;C:\Program Files\apache-ant-1.9.8\lib\ant-junit.jar;C:\Program Files\apache-ant-1.9.8\lib\ant-junit4.jar;C:\Program Files\apache-ant-1.9.8\lib\ant-launcher.jar;C:\Program Files\apache-ant-1.9.8\lib\ant-netrexx.jar;C:\Program Files\apache-ant-1.9.8\lib\ant-swing.jar;C:\Program Files\apache-ant-1.9.8\lib\ant-testutil.jar;C:\Program Files\apache-ant-1.9.8\lib\ant.jar;C:\Program Files\Java\jdk1.8.0_111\lib\tools.jar" />
    <property name="ant.version" value="Apache Ant(TM) version 1.9.8 compiled on December 25 2016" />
    <property name="app.name" value="MAL" />
    <property name="java.vm.specification.name" value="Java Virtual Machine Specification" />
    <property name="ant.file.type" value="file" />
    <property name="java.vm.specification.version" value="1.8" />
    <property name="catalina.home" value="C:\Users\Andres\Downloads\apache-tomcat-9.0.0.M15" />
    <property name="sun.cpu.endian" value="little" />
    <property name="sun.os.patch.level" value="" />
    <property name="compile.debug" value="true" />
    <property name="java.io.tmpdir" value="C:\Users\Andres\AppData\Local\Temp\" />
    <property name="dist.home" value="C:\Users\Andres\Desktop\Mantenimiento de Sistemas\MantenimientoSistemas2/dist" />
    <property name="java.vendor.url.bug" value="http://bugreport.sun.com/bugreport/" />
    <property name="java.awt.graphicsenv" value="sun.awt.Win32GraphicsEnvironment" />
    <property name="os.arch" value="amd64" />
    <property name="java.ext.dirs" value="C:\Program Files\Java\jdk1.8.0_111\jre\lib\ext;C:\Windows\Sun\Java\lib\ext" />
    <property name="user.dir" value="C:\Users\Andres\Desktop\Mantenimiento de Sistemas\MantenimientoSistemas2" />
    <property name="line.separator" value="&#xd;&#xa;" />
    <property name="java.vm.name" value="Java HotSpot(TM) 64-Bit Server VM" />
    <property name="app.version" value="0.1" />
    <property name="compile.deprecation" value="false" />
    <property name="basedir" value="C:\Users\Andres\Desktop\Mantenimiento de Sistemas\MantenimientoSistemas2" />
    <property name="ant.java.version" value="1.8" />
    <property name="ant.core.lib" value="C:\Program Files\apache-ant-1.9.8\lib\ant.jar" />
    <property name="file.encoding" value="Cp1252" />
    <property name="sun.stderr.encoding" value="cp850" />
    <property name="java.specification.version" value="1.8" />
    <property name="ant.project.invoked-targets" value="junitreport" />
  </properties>
  <testcase classname="edu.uag.iidis.scec.pruebas.UsuarioDAOTest" name="testCrearUsuarioInvalido" time="4.205">
    <failure message="Falló" type="junit.framework.AssertionFailedError">junit.framework.AssertionFailedError: Falló
	at edu.uag.iidis.scec.pruebas.UsuarioDAOTest.testCrearUsuarioInvalido(UsuarioDAOTest.java:71)
	at junit.extensions.TestDecorator.basicRun(TestDecorator.java:22)
	at junit.extensions.TestSetup$1.protect(TestSetup.java:19)
	at junit.extensions.TestSetup.run(TestSetup.java:23)
</failure>
  </testcase>
  <testcase classname="edu.uag.iidis.scec.pruebas.UsuarioDAOTest" name="testBuscarUsuarioPorId" time="0.055" />
  <testcase classname="edu.uag.iidis.scec.pruebas.UsuarioDAOTest" name="testBuscarPorEjemplo" time="0.037" />
  <testcase classname="edu.uag.iidis.scec.pruebas.UsuarioDAOTest" name="testCrearUsuario" time="0.07">
    <error message="org.hibernate.exception.ConstraintViolationException: Duplicate key or integrity constraint violation,  message from server: &quot;Duplicate entry &apos;gosuna&apos; for key &apos;nombreUsuario&apos;&quot;" type="edu.uag.iidis.scec.excepciones.ExcepcionInfraestructura">edu.uag.iidis.scec.excepciones.ExcepcionInfraestructura: org.hibernate.exception.ConstraintViolationException: Duplicate key or integrity constraint violation,  message from server: &quot;Duplicate entry &apos;gosuna&apos; for key &apos;nombreUsuario&apos;&quot;
	at edu.uag.iidis.scec.persistencia.hibernate.HibernateUtil.commitTransaction(HibernateUtil.java:275)
	at edu.uag.iidis.scec.pruebas.UsuarioDAOTest.testCrearUsuario(UsuarioDAOTest.java:42)
	at junit.extensions.TestDecorator.basicRun(TestDecorator.java:22)
	at junit.extensions.TestSetup$1.protect(TestSetup.java:19)
	at junit.extensions.TestSetup.run(TestSetup.java:23)
Caused by: org.hibernate.exception.ConstraintViolationException: Duplicate key or integrity constraint violation,  message from server: &quot;Duplicate entry &apos;gosuna&apos; for key &apos;nombreUsuario&apos;&quot;
	at org.hibernate.exception.internal.SQLStateConverter.convert(SQLStateConverter.java:104)
	at org.hibernate.engine.jdbc.spi.SqlExceptionHelper.convert(SqlExceptionHelper.java:125)
	at org.hibernate.engine.jdbc.spi.SqlExceptionHelper.convert(SqlExceptionHelper.java:110)
	at org.hibernate.engine.jdbc.internal.proxy.AbstractStatementProxyHandler.continueInvocation(AbstractStatementProxyHandler.java:129)
	at org.hibernate.engine.jdbc.internal.proxy.AbstractProxyHandler.invoke(AbstractProxyHandler.java:81)
	at com.sun.proxy.$Proxy3.executeUpdate(Unknown Source)
	at org.hibernate.engine.jdbc.batch.internal.NonBatchingBatch.addToBatch(NonBatchingBatch.java:56)
	at org.hibernate.persister.entity.AbstractEntityPersister.insert(AbstractEntityPersister.java:2849)
	at org.hibernate.persister.entity.AbstractEntityPersister.insert(AbstractEntityPersister.java:3290)
	at org.hibernate.action.internal.EntityInsertAction.execute(EntityInsertAction.java:80)
	at org.hibernate.engine.spi.ActionQueue.execute(ActionQueue.java:273)
	at org.hibernate.engine.spi.ActionQueue.executeActions(ActionQueue.java:265)
	at org.hibernate.engine.spi.ActionQueue.executeActions(ActionQueue.java:186)
	at org.hibernate.event.internal.AbstractFlushingEventListener.performExecutions(AbstractFlushingEventListener.java:323)
	at org.hibernate.event.internal.DefaultFlushEventListener.onFlush(DefaultFlushEventListener.java:52)
	at org.hibernate.internal.SessionImpl.flush(SessionImpl.java:1081)
	at org.hibernate.internal.SessionImpl.managedFlush(SessionImpl.java:315)
	at org.hibernate.engine.transaction.internal.jdbc.JdbcTransaction.beforeTransactionCommit(JdbcTransaction.java:101)
	at org.hibernate.engine.transaction.spi.AbstractTransactionImpl.commit(AbstractTransactionImpl.java:175)
	at edu.uag.iidis.scec.persistencia.hibernate.HibernateUtil.commitTransaction(HibernateUtil.java:266)
Caused by: java.sql.SQLException: Duplicate key or integrity constraint violation,  message from server: &quot;Duplicate entry &apos;gosuna&apos; for key &apos;nombreUsuario&apos;&quot;
	at com.mysql.jdbc.MysqlIO.checkErrorPacket(MysqlIO.java:1977)
	at com.mysql.jdbc.MysqlIO.sendCommand(MysqlIO.java:1163)
	at com.mysql.jdbc.MysqlIO.sqlQueryDirect(MysqlIO.java:1272)
	at com.mysql.jdbc.Connection.execSQL(Connection.java:2236)
	at com.mysql.jdbc.PreparedStatement.executeUpdate(PreparedStatement.java:1741)
	at com.mysql.jdbc.PreparedStatement.executeUpdate(PreparedStatement.java:1588)
	at org.hibernate.engine.jdbc.internal.proxy.AbstractStatementProxyHandler.continueInvocation(AbstractStatementProxyHandler.java:122)
</error>
  </testcase>
  <testcase classname="edu.uag.iidis.scec.pruebas.UsuarioDAOTest" name="testEliminarRol" time="0.015">
    <error message="No row with the given identifier exists: [edu.uag.iidis.scec.modelo.Rol#2]" type="org.hibernate.ObjectNotFoundException">org.hibernate.ObjectNotFoundException: No row with the given identifier exists: [edu.uag.iidis.scec.modelo.Rol#2]
	at org.hibernate.internal.SessionFactoryImpl$1$1.handleEntityNotFound(SessionFactoryImpl.java:237)
	at org.hibernate.proxy.AbstractLazyInitializer.checkTargetState(AbstractLazyInitializer.java:171)
	at org.hibernate.proxy.AbstractLazyInitializer.initialize(AbstractLazyInitializer.java:160)
	at org.hibernate.proxy.AbstractLazyInitializer.getImplementation(AbstractLazyInitializer.java:195)
	at org.hibernate.proxy.pojo.javassist.JavassistLazyInitializer.invoke(JavassistLazyInitializer.java:185)
	at edu.uag.iidis.scec.modelo.Rol_$$_javassist_1.getUsuarios(Rol_$$_javassist_1.java)
	at edu.uag.iidis.scec.modelo.Usuario.removeRol(Usuario.java:83)
	at org.hibernate.proxy.pojo.javassist.JavassistLazyInitializer.invoke(JavassistLazyInitializer.java:192)
	at edu.uag.iidis.scec.modelo.Usuario_$$_javassist_5.removeRol(Usuario_$$_javassist_5.java)
	at edu.uag.iidis.scec.pruebas.UsuarioDAOTest.testEliminarRol(UsuarioDAOTest.java:166)
	at junit.extensions.TestDecorator.basicRun(TestDecorator.java:22)
	at junit.extensions.TestSetup$1.protect(TestSetup.java:19)
	at junit.extensions.TestSetup.run(TestSetup.java:23)
</error>
  </testcase>
  <testcase classname="edu.uag.iidis.scec.pruebas.UsuarioDAOTest" name="testVerificarRol" time="0.006">
    <failure type="junit.framework.AssertionFailedError">junit.framework.AssertionFailedError
	at edu.uag.iidis.scec.pruebas.UsuarioDAOTest.testVerificarRol(UsuarioDAOTest.java:151)
	at junit.extensions.TestDecorator.basicRun(TestDecorator.java:22)
	at junit.extensions.TestSetup$1.protect(TestSetup.java:19)
	at junit.extensions.TestSetup.run(TestSetup.java:23)
</failure>
  </testcase>
  <testcase classname="edu.uag.iidis.scec.pruebas.UsuarioDAOTest" name="testBuscarTodos" time="0.005" />
  <testcase classname="edu.uag.iidis.scec.pruebas.UsuarioDAOTest" name="testAgregarRol" time="0.022" />
  <testcase classname="edu.uag.iidis.scec.pruebas.UsuarioDAOTest" name="testCrearUsuarioInvalido" time="0.003" />
  <testcase classname="edu.uag.iidis.scec.pruebas.UsuarioDAOTest" name="testBuscarUsuarioPorId" time="0.001">
    <error type="java.lang.NullPointerException">java.lang.NullPointerException
	at edu.uag.iidis.scec.pruebas.UsuarioDAOTest.testBuscarUsuarioPorId(UsuarioDAOTest.java:83)
	at junit.extensions.TestDecorator.basicRun(TestDecorator.java:22)
	at junit.extensions.TestSetup$1.protect(TestSetup.java:19)
	at junit.extensions.TestSetup.run(TestSetup.java:23)
</error>
  </testcase>
  <testcase classname="edu.uag.iidis.scec.pruebas.UsuarioDAOTest" name="testBuscarPorEjemplo" time="0.001">
    <error type="java.lang.NullPointerException">java.lang.NullPointerException
	at edu.uag.iidis.scec.pruebas.UsuarioDAOTest.testBuscarPorEjemplo(UsuarioDAOTest.java:102)
	at junit.extensions.TestDecorator.basicRun(TestDecorator.java:22)
	at junit.extensions.TestSetup$1.protect(TestSetup.java:19)
	at junit.extensions.TestSetup.run(TestSetup.java:23)
</error>
  </testcase>
  <testcase classname="edu.uag.iidis.scec.pruebas.UsuarioDAOTest" name="testCrearUsuario" time="0.004">
    <error type="java.lang.NullPointerException">java.lang.NullPointerException
	at edu.uag.iidis.scec.pruebas.UsuarioDAOTest.testCrearUsuario(UsuarioDAOTest.java:41)
	at junit.extensions.TestDecorator.basicRun(TestDecorator.java:22)
	at junit.extensions.TestSetup$1.protect(TestSetup.java:19)
	at junit.extensions.TestSetup.run(TestSetup.java:23)
</error>
  </testcase>
  <testcase classname="edu.uag.iidis.scec.pruebas.UsuarioDAOTest" name="testEliminarRol" time="0.013">
    <error type="java.lang.NullPointerException">java.lang.NullPointerException
	at edu.uag.iidis.scec.pruebas.UsuarioDAOTest.testEliminarRol(UsuarioDAOTest.java:164)
	at junit.extensions.TestDecorator.basicRun(TestDecorator.java:22)
	at junit.extensions.TestSetup$1.protect(TestSetup.java:19)
	at junit.extensions.TestSetup.run(TestSetup.java:23)
</error>
  </testcase>
  <testcase classname="edu.uag.iidis.scec.pruebas.UsuarioDAOTest" name="testVerificarRol" time="0.001">
    <error type="java.lang.NullPointerException">java.lang.NullPointerException
	at edu.uag.iidis.scec.pruebas.UsuarioDAOTest.testVerificarRol(UsuarioDAOTest.java:150)
	at junit.extensions.TestDecorator.basicRun(TestDecorator.java:22)
	at junit.extensions.TestSetup$1.protect(TestSetup.java:19)
	at junit.extensions.TestSetup.run(TestSetup.java:23)
</error>
  </testcase>
  <testcase classname="edu.uag.iidis.scec.pruebas.UsuarioDAOTest" name="testBuscarTodos" time="0.002">
    <error type="java.lang.NullPointerException">java.lang.NullPointerException
	at edu.uag.iidis.scec.pruebas.UsuarioDAOTest.testBuscarTodos(UsuarioDAOTest.java:116)
	at junit.extensions.TestDecorator.basicRun(TestDecorator.java:22)
	at junit.extensions.TestSetup$1.protect(TestSetup.java:19)
	at junit.extensions.TestSetup.run(TestSetup.java:23)
</error>
  </testcase>
  <testcase classname="edu.uag.iidis.scec.pruebas.UsuarioDAOTest" name="testAgregarRol" time="0.003">
    <error type="java.lang.NullPointerException">java.lang.NullPointerException
	at edu.uag.iidis.scec.pruebas.UsuarioDAOTest.testAgregarRol(UsuarioDAOTest.java:132)
	at junit.extensions.TestDecorator.basicRun(TestDecorator.java:22)
	at junit.extensions.TestSetup$1.protect(TestSetup.java:19)
	at junit.extensions.TestSetup.run(TestSetup.java:23)
</error>
  </testcase>
  <testcase classname="edu.uag.iidis.scec.pruebas.UsuarioDAOTest" name="testCrearUsuarioInvalido" time="0.003" />
  <testcase classname="edu.uag.iidis.scec.pruebas.UsuarioDAOTest" name="testBuscarUsuarioPorId" time="0.001">
    <error type="java.lang.NullPointerException">java.lang.NullPointerException
	at edu.uag.iidis.scec.pruebas.UsuarioDAOTest.testBuscarUsuarioPorId(UsuarioDAOTest.java:83)
	at junit.extensions.TestDecorator.basicRun(TestDecorator.java:22)
	at junit.extensions.TestSetup$1.protect(TestSetup.java:19)
	at junit.extensions.TestSetup.run(TestSetup.java:23)
</error>
  </testcase>
  <testcase classname="edu.uag.iidis.scec.pruebas.UsuarioDAOTest" name="testBuscarPorEjemplo" time="0.002">
    <error type="java.lang.NullPointerException">java.lang.NullPointerException
	at edu.uag.iidis.scec.pruebas.UsuarioDAOTest.testBuscarPorEjemplo(UsuarioDAOTest.java:102)
	at junit.extensions.TestDecorator.basicRun(TestDecorator.java:22)
	at junit.extensions.TestSetup$1.protect(TestSetup.java:19)
	at junit.extensions.TestSetup.run(TestSetup.java:23)
</error>
  </testcase>
  <testcase classname="edu.uag.iidis.scec.pruebas.UsuarioDAOTest" name="testCrearUsuario" time="0.004">
    <error type="java.lang.NullPointerException">java.lang.NullPointerException
	at edu.uag.iidis.scec.pruebas.UsuarioDAOTest.testCrearUsuario(UsuarioDAOTest.java:41)
	at junit.extensions.TestDecorator.basicRun(TestDecorator.java:22)
	at junit.extensions.TestSetup$1.protect(TestSetup.java:19)
	at junit.extensions.TestSetup.run(TestSetup.java:23)
</error>
  </testcase>
  <testcase classname="edu.uag.iidis.scec.pruebas.UsuarioDAOTest" name="testEliminarRol" time="0.003">
    <error type="java.lang.NullPointerException">java.lang.NullPointerException
	at edu.uag.iidis.scec.pruebas.UsuarioDAOTest.testEliminarRol(UsuarioDAOTest.java:164)
	at junit.extensions.TestDecorator.basicRun(TestDecorator.java:22)
	at junit.extensions.TestSetup$1.protect(TestSetup.java:19)
	at junit.extensions.TestSetup.run(TestSetup.java:23)
</error>
  </testcase>
  <testcase classname="edu.uag.iidis.scec.pruebas.UsuarioDAOTest" name="testVerificarRol" time="0.001">
    <error type="java.lang.NullPointerException">java.lang.NullPointerException
	at edu.uag.iidis.scec.pruebas.UsuarioDAOTest.testVerificarRol(UsuarioDAOTest.java:150)
	at junit.extensions.TestDecorator.basicRun(TestDecorator.java:22)
	at junit.extensions.TestSetup$1.protect(TestSetup.java:19)
	at junit.extensions.TestSetup.run(TestSetup.java:23)
</error>
  </testcase>
  <testcase classname="edu.uag.iidis.scec.pruebas.UsuarioDAOTest" name="testBuscarTodos" time="0.001">
    <error type="java.lang.NullPointerException">java.lang.NullPointerException
	at edu.uag.iidis.scec.pruebas.UsuarioDAOTest.testBuscarTodos(UsuarioDAOTest.java:116)
	at junit.extensions.TestDecorator.basicRun(TestDecorator.java:22)
	at junit.extensions.TestSetup$1.protect(TestSetup.java:19)
	at junit.extensions.TestSetup.run(TestSetup.java:23)
</error>
  </testcase>
  <testcase classname="edu.uag.iidis.scec.pruebas.UsuarioDAOTest" name="testAgregarRol" time="0.003">
    <error type="java.lang.NullPointerException">java.lang.NullPointerException
	at edu.uag.iidis.scec.pruebas.UsuarioDAOTest.testAgregarRol(UsuarioDAOTest.java:132)
	at junit.extensions.TestDecorator.basicRun(TestDecorator.java:22)
	at junit.extensions.TestSetup$1.protect(TestSetup.java:19)
	at junit.extensions.TestSetup.run(TestSetup.java:23)
</error>
  </testcase>
  <system-out><![CDATA[[SCEC] 2017-04-07 01:09:43,835 DEBUG edu.uag.iidis.scec.persistencia.hibernate.HibernateUtil.<clinit>(69) : >creando sessionFactory
[SCEC] 2017-04-07 01:09:47,523 DEBUG edu.uag.iidis.scec.persistencia.hibernate.HibernateUtil.beginTransaction(230) : >beginTransaction()
[SCEC] 2017-04-07 01:09:47,524 DEBUG edu.uag.iidis.scec.persistencia.hibernate.HibernateUtil.beginTransaction(237) : -Iniciando una nueva transacción de base de datos en este thread.
[SCEC] 2017-04-07 01:09:47,525 DEBUG edu.uag.iidis.scec.persistencia.hibernate.HibernateUtil.getSession(160) : >getSession()
[SCEC] 2017-04-07 01:09:47,525 DEBUG edu.uag.iidis.scec.persistencia.hibernate.HibernateUtil.getSession(167) : -Abriendo una nueva sesión para el thread.
[SCEC] 2017-04-07 01:09:47,600 DEBUG edu.uag.iidis.scec.persistencia.UsuarioDAO.hazPersistente(186) : >hazPersistente(usuario)
[SCEC] 2017-04-07 01:09:47,600 DEBUG edu.uag.iidis.scec.persistencia.hibernate.HibernateUtil.getSession(160) : >getSession()
Hibernate: select max(idUsuario) from Usuarios
[SCEC] 2017-04-07 01:09:47,922 DEBUG edu.uag.iidis.scec.persistencia.hibernate.HibernateUtil.commitTransaction(256) : >commitTransaction()
[SCEC] 2017-04-07 01:09:47,922 DEBUG edu.uag.iidis.scec.persistencia.hibernate.HibernateUtil.commitTransaction(264) : -Comprometiendo la transacción de este thread.
Hibernate: insert into Usuarios (nombrePrefijo, nombreNombre, nombreApellidoPaterno, nombreApellidoMaterno, nombrePosfijo, nombreIniciales, nombreUsuario, claveAcceso, idUsuario) values (?, ?, ?, ?, ?, ?, ?, ?, ?)
[SCEC] 2017-04-07 01:09:48,024 DEBUG edu.uag.iidis.scec.persistencia.hibernate.HibernateUtil.closeSession(204) : >closeSession()
[SCEC] 2017-04-07 01:09:48,024 DEBUG edu.uag.iidis.scec.persistencia.hibernate.HibernateUtil.closeSession(212) : -Cerrando la sesión local al thread.
[SCEC] 2017-04-07 01:09:48,033 DEBUG edu.uag.iidis.scec.persistencia.UsuarioDAO.buscarPorId(33) : >buscarPorID(1, false)
[SCEC] 2017-04-07 01:09:48,033 DEBUG edu.uag.iidis.scec.persistencia.hibernate.HibernateUtil.getSession(160) : >getSession()
[SCEC] 2017-04-07 01:09:48,034 DEBUG edu.uag.iidis.scec.persistencia.hibernate.HibernateUtil.getSession(167) : -Abriendo una nueva sesión para el thread.
Hibernate: select usuario0_.idUsuario as idUsuario0_0_, usuario0_.nombrePrefijo as nombrePr2_0_0_, usuario0_.nombreNombre as nombreNo3_0_0_, usuario0_.nombreApellidoPaterno as nombreAp4_0_0_, usuario0_.nombreApellidoMaterno as nombreAp5_0_0_, usuario0_.nombrePosfijo as nombrePo6_0_0_, usuario0_.nombreIniciales as nombreIn7_0_0_, usuario0_.nombreUsuario as nombreUs8_0_0_, usuario0_.claveAcceso as claveAcc9_0_0_ from Usuarios usuario0_ where usuario0_.idUsuario=?
Hibernate: select roles0_.idUsuario as idUsuario0_1_, roles0_.idRol as idRol1_, rol1_.idRol as idRol2_0_, rol1_.nombre as nombre2_0_, rol1_.descripcion as descripc3_2_0_ from UsuarioRol roles0_ inner join Roles rol1_ on roles0_.idRol=rol1_.idRol where roles0_.idUsuario=?
[SCEC] 2017-04-07 01:09:48,084 DEBUG edu.uag.iidis.scec.persistencia.hibernate.HibernateUtil.closeSession(204) : >closeSession()
[SCEC] 2017-04-07 01:09:48,085 DEBUG edu.uag.iidis.scec.persistencia.hibernate.HibernateUtil.closeSession(212) : -Cerrando la sesión local al thread.
[SCEC] 2017-04-07 01:09:48,088 DEBUG edu.uag.iidis.scec.persistencia.UsuarioDAO.buscarPorEjemplo(122) : >buscarPorEjemplo()
[SCEC] 2017-04-07 01:09:48,088 DEBUG edu.uag.iidis.scec.persistencia.hibernate.HibernateUtil.getSession(160) : >getSession()
[SCEC] 2017-04-07 01:09:48,089 DEBUG edu.uag.iidis.scec.persistencia.hibernate.HibernateUtil.getSession(167) : -Abriendo una nueva sesión para el thread.
Hibernate: select this_.idUsuario as idUsuario0_0_, this_.nombrePrefijo as nombrePr2_0_0_, this_.nombreNombre as nombreNo3_0_0_, this_.nombreApellidoPaterno as nombreAp4_0_0_, this_.nombreApellidoMaterno as nombreAp5_0_0_, this_.nombrePosfijo as nombrePo6_0_0_, this_.nombreIniciales as nombreIn7_0_0_, this_.nombreUsuario as nombreUs8_0_0_, this_.claveAcceso as claveAcc9_0_0_ from Usuarios this_ where (this_.nombreUsuario=?)
Hibernate: select roles0_.idUsuario as idUsuario0_1_, roles0_.idRol as idRol1_, rol1_.idRol as idRol2_0_, rol1_.nombre as nombre2_0_, rol1_.descripcion as descripc3_2_0_ from UsuarioRol roles0_ inner join Roles rol1_ on roles0_.idRol=rol1_.idRol where roles0_.idUsuario=?
[SCEC] 2017-04-07 01:09:48,123 DEBUG edu.uag.iidis.scec.persistencia.hibernate.HibernateUtil.closeSession(204) : >closeSession()
[SCEC] 2017-04-07 01:09:48,124 DEBUG edu.uag.iidis.scec.persistencia.hibernate.HibernateUtil.closeSession(212) : -Cerrando la sesión local al thread.
[SCEC] 2017-04-07 01:09:48,125 DEBUG edu.uag.iidis.scec.persistencia.hibernate.HibernateUtil.beginTransaction(230) : >beginTransaction()
[SCEC] 2017-04-07 01:09:48,125 DEBUG edu.uag.iidis.scec.persistencia.hibernate.HibernateUtil.beginTransaction(237) : -Iniciando una nueva transacción de base de datos en este thread.
[SCEC] 2017-04-07 01:09:48,125 DEBUG edu.uag.iidis.scec.persistencia.hibernate.HibernateUtil.getSession(160) : >getSession()
[SCEC] 2017-04-07 01:09:48,126 DEBUG edu.uag.iidis.scec.persistencia.hibernate.HibernateUtil.getSession(167) : -Abriendo una nueva sesión para el thread.
[SCEC] 2017-04-07 01:09:48,126 DEBUG edu.uag.iidis.scec.persistencia.UsuarioDAO.hazPersistente(186) : >hazPersistente(usuario)
[SCEC] 2017-04-07 01:09:48,126 DEBUG edu.uag.iidis.scec.persistencia.hibernate.HibernateUtil.getSession(160) : >getSession()
[SCEC] 2017-04-07 01:09:48,127 DEBUG edu.uag.iidis.scec.persistencia.hibernate.HibernateUtil.commitTransaction(256) : >commitTransaction()
[SCEC] 2017-04-07 01:09:48,127 DEBUG edu.uag.iidis.scec.persistencia.hibernate.HibernateUtil.commitTransaction(264) : -Comprometiendo la transacción de este thread.
Hibernate: insert into Usuarios (nombrePrefijo, nombreNombre, nombreApellidoPaterno, nombreApellidoMaterno, nombrePosfijo, nombreIniciales, nombreUsuario, claveAcceso, idUsuario) values (?, ?, ?, ?, ?, ?, ?, ?, ?)
[SCEC] 2017-04-07 01:09:48,149  WARN org.hibernate.engine.jdbc.spi.SqlExceptionHelper.logExceptions(143) : SQL Error: 1062, SQLState: 23000
[SCEC] 2017-04-07 01:09:48,150 ERROR org.hibernate.engine.jdbc.spi.SqlExceptionHelper.logExceptions(144) : Duplicate key or integrity constraint violation,  message from server: "Duplicate entry 'gosuna' for key 'nombreUsuario'"
[SCEC] 2017-04-07 01:09:48,152 DEBUG edu.uag.iidis.scec.persistencia.hibernate.HibernateUtil.commitTransaction(271) : -Deshaciendo la transacción de este thread.
[SCEC] 2017-04-07 01:09:48,152 DEBUG edu.uag.iidis.scec.persistencia.hibernate.HibernateUtil.rollbackTransaction(287) : >rollbackTransaction()
[SCEC] 2017-04-07 01:09:48,152 DEBUG edu.uag.iidis.scec.persistencia.hibernate.HibernateUtil.rollbackTransaction(295) : -Intentando deshacer la transacción para este thread.
[SCEC] 2017-04-07 01:09:48,188 DEBUG edu.uag.iidis.scec.persistencia.hibernate.HibernateUtil.rollbackTransaction(304) : -Intentando cerrar la sesión.
[SCEC] 2017-04-07 01:09:48,189 DEBUG edu.uag.iidis.scec.persistencia.hibernate.HibernateUtil.closeSession(204) : >closeSession()
[SCEC] 2017-04-07 01:09:48,189 DEBUG edu.uag.iidis.scec.persistencia.hibernate.HibernateUtil.closeSession(212) : -Cerrando la sesión local al thread.
[SCEC] 2017-04-07 01:09:48,190 ERROR edu.uag.iidis.scec.persistencia.hibernate.HibernateUtil.commitTransaction(274) : <HibernateException
[SCEC] 2017-04-07 01:09:48,190 DEBUG edu.uag.iidis.scec.persistencia.hibernate.HibernateUtil.rollbackTransaction(287) : >rollbackTransaction()
[SCEC] 2017-04-07 01:09:48,191 DEBUG edu.uag.iidis.scec.persistencia.hibernate.HibernateUtil.rollbackTransaction(304) : -Intentando cerrar la sesión.
[SCEC] 2017-04-07 01:09:48,191 DEBUG edu.uag.iidis.scec.persistencia.hibernate.HibernateUtil.closeSession(204) : >closeSession()
[SCEC] 2017-04-07 01:09:48,191 DEBUG edu.uag.iidis.scec.persistencia.hibernate.HibernateUtil.closeSession(204) : >closeSession()
[SCEC] 2017-04-07 01:09:48,195 DEBUG edu.uag.iidis.scec.persistencia.hibernate.HibernateUtil.beginTransaction(230) : >beginTransaction()
[SCEC] 2017-04-07 01:09:48,195 DEBUG edu.uag.iidis.scec.persistencia.hibernate.HibernateUtil.beginTransaction(237) : -Iniciando una nueva transacción de base de datos en este thread.
[SCEC] 2017-04-07 01:09:48,195 DEBUG edu.uag.iidis.scec.persistencia.hibernate.HibernateUtil.getSession(160) : >getSession()
[SCEC] 2017-04-07 01:09:48,196 DEBUG edu.uag.iidis.scec.persistencia.hibernate.HibernateUtil.getSession(167) : -Abriendo una nueva sesión para el thread.
[SCEC] 2017-04-07 01:09:48,196 DEBUG edu.uag.iidis.scec.persistencia.RolDAO.buscarPorId(33) : >buscarPorID(2, false)
[SCEC] 2017-04-07 01:09:48,197 DEBUG edu.uag.iidis.scec.persistencia.hibernate.HibernateUtil.getSession(160) : >getSession()
[SCEC] 2017-04-07 01:09:48,197 DEBUG edu.uag.iidis.scec.persistencia.UsuarioDAO.buscarPorId(33) : >buscarPorID(1, false)
[SCEC] 2017-04-07 01:09:48,198 DEBUG edu.uag.iidis.scec.persistencia.hibernate.HibernateUtil.getSession(160) : >getSession()
Hibernate: select usuario0_.idUsuario as idUsuario0_0_, usuario0_.nombrePrefijo as nombrePr2_0_0_, usuario0_.nombreNombre as nombreNo3_0_0_, usuario0_.nombreApellidoPaterno as nombreAp4_0_0_, usuario0_.nombreApellidoMaterno as nombreAp5_0_0_, usuario0_.nombrePosfijo as nombrePo6_0_0_, usuario0_.nombreIniciales as nombreIn7_0_0_, usuario0_.nombreUsuario as nombreUs8_0_0_, usuario0_.claveAcceso as claveAcc9_0_0_ from Usuarios usuario0_ where usuario0_.idUsuario=?
Hibernate: select roles0_.idUsuario as idUsuario0_1_, roles0_.idRol as idRol1_, rol1_.idRol as idRol2_0_, rol1_.nombre as nombre2_0_, rol1_.descripcion as descripc3_2_0_ from UsuarioRol roles0_ inner join Roles rol1_ on roles0_.idRol=rol1_.idRol where roles0_.idUsuario=?
Hibernate: select rol0_.idRol as idRol2_0_, rol0_.nombre as nombre2_0_, rol0_.descripcion as descripc3_2_0_ from Roles rol0_ where rol0_.idRol=?
[SCEC] 2017-04-07 01:09:48,206 DEBUG edu.uag.iidis.scec.persistencia.hibernate.HibernateUtil.closeSession(204) : >closeSession()
[SCEC] 2017-04-07 01:09:48,206 DEBUG edu.uag.iidis.scec.persistencia.hibernate.HibernateUtil.closeSession(212) : -Cerrando la sesión local al thread.
[SCEC] 2017-04-07 01:09:48,210 DEBUG edu.uag.iidis.scec.persistencia.UsuarioDAO.buscarPorId(33) : >buscarPorID(1, false)
[SCEC] 2017-04-07 01:09:48,210 DEBUG edu.uag.iidis.scec.persistencia.hibernate.HibernateUtil.getSession(160) : >getSession()
[SCEC] 2017-04-07 01:09:48,210 DEBUG edu.uag.iidis.scec.persistencia.hibernate.HibernateUtil.getSession(167) : -Abriendo una nueva sesión para el thread.
Hibernate: select usuario0_.idUsuario as idUsuario0_0_, usuario0_.nombrePrefijo as nombrePr2_0_0_, usuario0_.nombreNombre as nombreNo3_0_0_, usuario0_.nombreApellidoPaterno as nombreAp4_0_0_, usuario0_.nombreApellidoMaterno as nombreAp5_0_0_, usuario0_.nombrePosfijo as nombrePo6_0_0_, usuario0_.nombreIniciales as nombreIn7_0_0_, usuario0_.nombreUsuario as nombreUs8_0_0_, usuario0_.claveAcceso as claveAcc9_0_0_ from Usuarios usuario0_ where usuario0_.idUsuario=?
Hibernate: select roles0_.idUsuario as idUsuario0_1_, roles0_.idRol as idRol1_, rol1_.idRol as idRol2_0_, rol1_.nombre as nombre2_0_, rol1_.descripcion as descripc3_2_0_ from UsuarioRol roles0_ inner join Roles rol1_ on roles0_.idRol=rol1_.idRol where roles0_.idUsuario=?
[SCEC] 2017-04-07 01:09:48,215 DEBUG edu.uag.iidis.scec.persistencia.hibernate.HibernateUtil.closeSession(204) : >closeSession()
[SCEC] 2017-04-07 01:09:48,215 DEBUG edu.uag.iidis.scec.persistencia.hibernate.HibernateUtil.closeSession(212) : -Cerrando la sesión local al thread.
[SCEC] 2017-04-07 01:09:48,216 DEBUG edu.uag.iidis.scec.persistencia.UsuarioDAO.buscarTodos(100) : >buscarTodos()
[SCEC] 2017-04-07 01:09:48,216 DEBUG edu.uag.iidis.scec.persistencia.hibernate.HibernateUtil.getSession(160) : >getSession()
[SCEC] 2017-04-07 01:09:48,216 DEBUG edu.uag.iidis.scec.persistencia.hibernate.HibernateUtil.getSession(167) : -Abriendo una nueva sesión para el thread.
Hibernate: select this_.idUsuario as idUsuario0_0_, this_.nombrePrefijo as nombrePr2_0_0_, this_.nombreNombre as nombreNo3_0_0_, this_.nombreApellidoPaterno as nombreAp4_0_0_, this_.nombreApellidoMaterno as nombreAp5_0_0_, this_.nombrePosfijo as nombrePo6_0_0_, this_.nombreIniciales as nombreIn7_0_0_, this_.nombreUsuario as nombreUs8_0_0_, this_.claveAcceso as claveAcc9_0_0_ from Usuarios this_
Hibernate: select roles0_.idUsuario as idUsuario0_1_, roles0_.idRol as idRol1_, rol1_.idRol as idRol2_0_, rol1_.nombre as nombre2_0_, rol1_.descripcion as descripc3_2_0_ from UsuarioRol roles0_ inner join Roles rol1_ on roles0_.idRol=rol1_.idRol where roles0_.idUsuario=?
[SCEC] 2017-04-07 01:09:48,221 DEBUG edu.uag.iidis.scec.persistencia.hibernate.HibernateUtil.closeSession(204) : >closeSession()
[SCEC] 2017-04-07 01:09:48,221 DEBUG edu.uag.iidis.scec.persistencia.hibernate.HibernateUtil.closeSession(212) : -Cerrando la sesión local al thread.
[SCEC] 2017-04-07 01:09:48,221 DEBUG edu.uag.iidis.scec.persistencia.hibernate.HibernateUtil.beginTransaction(230) : >beginTransaction()
[SCEC] 2017-04-07 01:09:48,222 DEBUG edu.uag.iidis.scec.persistencia.UsuarioDAO.buscarPorId(33) : >buscarPorID(1, false)
[SCEC] 2017-04-07 01:09:48,222 DEBUG edu.uag.iidis.scec.persistencia.hibernate.HibernateUtil.getSession(160) : >getSession()
[SCEC] 2017-04-07 01:09:48,222 DEBUG edu.uag.iidis.scec.persistencia.hibernate.HibernateUtil.getSession(167) : -Abriendo una nueva sesión para el thread.
Hibernate: select usuario0_.idUsuario as idUsuario0_0_, usuario0_.nombrePrefijo as nombrePr2_0_0_, usuario0_.nombreNombre as nombreNo3_0_0_, usuario0_.nombreApellidoPaterno as nombreAp4_0_0_, usuario0_.nombreApellidoMaterno as nombreAp5_0_0_, usuario0_.nombrePosfijo as nombrePo6_0_0_, usuario0_.nombreIniciales as nombreIn7_0_0_, usuario0_.nombreUsuario as nombreUs8_0_0_, usuario0_.claveAcceso as claveAcc9_0_0_ from Usuarios usuario0_ where usuario0_.idUsuario=?
Hibernate: select roles0_.idUsuario as idUsuario0_1_, roles0_.idRol as idRol1_, rol1_.idRol as idRol2_0_, rol1_.nombre as nombre2_0_, rol1_.descripcion as descripc3_2_0_ from UsuarioRol roles0_ inner join Roles rol1_ on roles0_.idRol=rol1_.idRol where roles0_.idUsuario=?
[SCEC] 2017-04-07 01:09:48,241 DEBUG edu.uag.iidis.scec.persistencia.UsuarioDAO.hazPersistente(186) : >hazPersistente(usuario)
[SCEC] 2017-04-07 01:09:48,241 DEBUG edu.uag.iidis.scec.persistencia.hibernate.HibernateUtil.getSession(160) : >getSession()
[SCEC] 2017-04-07 01:09:48,242 DEBUG edu.uag.iidis.scec.persistencia.hibernate.HibernateUtil.commitTransaction(256) : >commitTransaction()
[SCEC] 2017-04-07 01:09:48,242 DEBUG edu.uag.iidis.scec.persistencia.hibernate.HibernateUtil.commitTransaction(264) : -Comprometiendo la transacción de este thread.
[SCEC] 2017-04-07 01:09:48,243 DEBUG edu.uag.iidis.scec.persistencia.hibernate.HibernateUtil.closeSession(204) : >closeSession()
[SCEC] 2017-04-07 01:09:48,243 DEBUG edu.uag.iidis.scec.persistencia.hibernate.HibernateUtil.closeSession(212) : -Cerrando la sesión local al thread.
[SCEC] 2017-04-07 01:09:48,243 DEBUG edu.uag.iidis.scec.persistencia.hibernate.HibernateUtil.beginTransaction(230) : >beginTransaction()
[SCEC] 2017-04-07 01:09:48,244 DEBUG edu.uag.iidis.scec.persistencia.hibernate.HibernateUtil.beginTransaction(237) : -Iniciando una nueva transacción de base de datos en este thread.
[SCEC] 2017-04-07 01:09:48,244 DEBUG edu.uag.iidis.scec.persistencia.hibernate.HibernateUtil.getSession(160) : >getSession()
[SCEC] 2017-04-07 01:09:48,244 DEBUG edu.uag.iidis.scec.persistencia.hibernate.HibernateUtil.getSession(167) : -Abriendo una nueva sesión para el thread.
[SCEC] 2017-04-07 01:09:48,245 DEBUG edu.uag.iidis.scec.persistencia.hibernate.HibernateUtil.rollbackTransaction(287) : >rollbackTransaction()
[SCEC] 2017-04-07 01:09:48,245 DEBUG edu.uag.iidis.scec.persistencia.hibernate.HibernateUtil.rollbackTransaction(295) : -Intentando deshacer la transacción para este thread.
[SCEC] 2017-04-07 01:09:48,245 DEBUG edu.uag.iidis.scec.persistencia.hibernate.HibernateUtil.rollbackTransaction(304) : -Intentando cerrar la sesión.
[SCEC] 2017-04-07 01:09:48,245 DEBUG edu.uag.iidis.scec.persistencia.hibernate.HibernateUtil.closeSession(204) : >closeSession()
[SCEC] 2017-04-07 01:09:48,246 DEBUG edu.uag.iidis.scec.persistencia.hibernate.HibernateUtil.closeSession(212) : -Cerrando la sesión local al thread.
[SCEC] 2017-04-07 01:09:48,246 DEBUG edu.uag.iidis.scec.persistencia.hibernate.HibernateUtil.closeSession(204) : >closeSession()
[SCEC] 2017-04-07 01:09:48,246 DEBUG edu.uag.iidis.scec.persistencia.hibernate.HibernateUtil.closeSession(204) : >closeSession()
[SCEC] 2017-04-07 01:09:48,247 DEBUG edu.uag.iidis.scec.persistencia.hibernate.HibernateUtil.closeSession(204) : >closeSession()
[SCEC] 2017-04-07 01:09:48,248 DEBUG edu.uag.iidis.scec.persistencia.hibernate.HibernateUtil.beginTransaction(230) : >beginTransaction()
[SCEC] 2017-04-07 01:09:48,248 DEBUG edu.uag.iidis.scec.persistencia.hibernate.HibernateUtil.beginTransaction(237) : -Iniciando una nueva transacción de base de datos en este thread.
[SCEC] 2017-04-07 01:09:48,249 DEBUG edu.uag.iidis.scec.persistencia.hibernate.HibernateUtil.getSession(160) : >getSession()
[SCEC] 2017-04-07 01:09:48,249 DEBUG edu.uag.iidis.scec.persistencia.hibernate.HibernateUtil.getSession(167) : -Abriendo una nueva sesión para el thread.
[SCEC] 2017-04-07 01:09:48,249 DEBUG edu.uag.iidis.scec.persistencia.hibernate.HibernateUtil.rollbackTransaction(287) : >rollbackTransaction()
[SCEC] 2017-04-07 01:09:48,250 DEBUG edu.uag.iidis.scec.persistencia.hibernate.HibernateUtil.rollbackTransaction(295) : -Intentando deshacer la transacción para este thread.
[SCEC] 2017-04-07 01:09:48,250 DEBUG edu.uag.iidis.scec.persistencia.hibernate.HibernateUtil.rollbackTransaction(304) : -Intentando cerrar la sesión.
[SCEC] 2017-04-07 01:09:48,250 DEBUG edu.uag.iidis.scec.persistencia.hibernate.HibernateUtil.closeSession(204) : >closeSession()
[SCEC] 2017-04-07 01:09:48,251 DEBUG edu.uag.iidis.scec.persistencia.hibernate.HibernateUtil.closeSession(212) : -Cerrando la sesión local al thread.
[SCEC] 2017-04-07 01:09:48,251 DEBUG edu.uag.iidis.scec.persistencia.hibernate.HibernateUtil.closeSession(204) : >closeSession()
[SCEC] 2017-04-07 01:09:48,252 DEBUG edu.uag.iidis.scec.persistencia.hibernate.HibernateUtil.beginTransaction(230) : >beginTransaction()
[SCEC] 2017-04-07 01:09:48,253 DEBUG edu.uag.iidis.scec.persistencia.hibernate.HibernateUtil.beginTransaction(237) : -Iniciando una nueva transacción de base de datos en este thread.
[SCEC] 2017-04-07 01:09:48,253 DEBUG edu.uag.iidis.scec.persistencia.hibernate.HibernateUtil.getSession(160) : >getSession()
[SCEC] 2017-04-07 01:09:48,253 DEBUG edu.uag.iidis.scec.persistencia.hibernate.HibernateUtil.getSession(167) : -Abriendo una nueva sesión para el thread.
[SCEC] 2017-04-07 01:09:48,254 DEBUG edu.uag.iidis.scec.persistencia.hibernate.HibernateUtil.closeSession(204) : >closeSession()
[SCEC] 2017-04-07 01:09:48,254 DEBUG edu.uag.iidis.scec.persistencia.hibernate.HibernateUtil.closeSession(212) : -Cerrando la sesión local al thread.
[SCEC] 2017-04-07 01:09:48,266 DEBUG edu.uag.iidis.scec.persistencia.hibernate.HibernateUtil.closeSession(204) : >closeSession()
[SCEC] 2017-04-07 01:09:48,267 DEBUG edu.uag.iidis.scec.persistencia.hibernate.HibernateUtil.closeSession(204) : >closeSession()
[SCEC] 2017-04-07 01:09:48,269 DEBUG edu.uag.iidis.scec.persistencia.hibernate.HibernateUtil.beginTransaction(230) : >beginTransaction()
[SCEC] 2017-04-07 01:09:48,269 DEBUG edu.uag.iidis.scec.persistencia.hibernate.HibernateUtil.rollbackTransaction(287) : >rollbackTransaction()
[SCEC] 2017-04-07 01:09:48,269 DEBUG edu.uag.iidis.scec.persistencia.hibernate.HibernateUtil.rollbackTransaction(295) : -Intentando deshacer la transacción para este thread.
[SCEC] 2017-04-07 01:09:48,270 DEBUG edu.uag.iidis.scec.persistencia.hibernate.HibernateUtil.rollbackTransaction(304) : -Intentando cerrar la sesión.
[SCEC] 2017-04-07 01:09:48,270 DEBUG edu.uag.iidis.scec.persistencia.hibernate.HibernateUtil.closeSession(204) : >closeSession()
[SCEC] 2017-04-07 01:09:48,271 DEBUG edu.uag.iidis.scec.persistencia.hibernate.HibernateUtil.closeSession(204) : >closeSession()
[SCEC] 2017-04-07 01:09:48,272 DEBUG edu.uag.iidis.scec.persistencia.hibernate.HibernateUtil.beginTransaction(230) : >beginTransaction()
[SCEC] 2017-04-07 01:09:48,272 DEBUG edu.uag.iidis.scec.persistencia.hibernate.HibernateUtil.beginTransaction(237) : -Iniciando una nueva transacción de base de datos en este thread.
[SCEC] 2017-04-07 01:09:48,272 DEBUG edu.uag.iidis.scec.persistencia.hibernate.HibernateUtil.getSession(160) : >getSession()
[SCEC] 2017-04-07 01:09:48,273 DEBUG edu.uag.iidis.scec.persistencia.hibernate.HibernateUtil.getSession(167) : -Abriendo una nueva sesión para el thread.
[SCEC] 2017-04-07 01:09:48,273 DEBUG edu.uag.iidis.scec.persistencia.hibernate.HibernateUtil.rollbackTransaction(287) : >rollbackTransaction()
[SCEC] 2017-04-07 01:09:48,273 DEBUG edu.uag.iidis.scec.persistencia.hibernate.HibernateUtil.rollbackTransaction(295) : -Intentando deshacer la transacción para este thread.
[SCEC] 2017-04-07 01:09:48,274 DEBUG edu.uag.iidis.scec.persistencia.hibernate.HibernateUtil.rollbackTransaction(304) : -Intentando cerrar la sesión.
[SCEC] 2017-04-07 01:09:48,274 DEBUG edu.uag.iidis.scec.persistencia.hibernate.HibernateUtil.closeSession(204) : >closeSession()
[SCEC] 2017-04-07 01:09:48,274 DEBUG edu.uag.iidis.scec.persistencia.hibernate.HibernateUtil.closeSession(212) : -Cerrando la sesión local al thread.
[SCEC] 2017-04-07 01:09:48,274 DEBUG edu.uag.iidis.scec.persistencia.hibernate.HibernateUtil.closeSession(204) : >closeSession()
[SCEC] 2017-04-07 01:09:48,275 DEBUG edu.uag.iidis.scec.persistencia.hibernate.HibernateUtil.closeSession(204) : >closeSession()
[SCEC] 2017-04-07 01:09:48,276 DEBUG edu.uag.iidis.scec.persistencia.hibernate.HibernateUtil.closeSession(204) : >closeSession()
[SCEC] 2017-04-07 01:09:48,278 DEBUG edu.uag.iidis.scec.persistencia.hibernate.HibernateUtil.beginTransaction(230) : >beginTransaction()
[SCEC] 2017-04-07 01:09:48,278 DEBUG edu.uag.iidis.scec.persistencia.hibernate.HibernateUtil.beginTransaction(237) : -Iniciando una nueva transacción de base de datos en este thread.
[SCEC] 2017-04-07 01:09:48,278 DEBUG edu.uag.iidis.scec.persistencia.hibernate.HibernateUtil.getSession(160) : >getSession()
[SCEC] 2017-04-07 01:09:48,278 DEBUG edu.uag.iidis.scec.persistencia.hibernate.HibernateUtil.getSession(167) : -Abriendo una nueva sesión para el thread.
[SCEC] 2017-04-07 01:09:48,279 DEBUG edu.uag.iidis.scec.persistencia.hibernate.HibernateUtil.rollbackTransaction(287) : >rollbackTransaction()
[SCEC] 2017-04-07 01:09:48,279 DEBUG edu.uag.iidis.scec.persistencia.hibernate.HibernateUtil.rollbackTransaction(295) : -Intentando deshacer la transacción para este thread.
[SCEC] 2017-04-07 01:09:48,280 DEBUG edu.uag.iidis.scec.persistencia.hibernate.HibernateUtil.rollbackTransaction(304) : -Intentando cerrar la sesión.
[SCEC] 2017-04-07 01:09:48,280 DEBUG edu.uag.iidis.scec.persistencia.hibernate.HibernateUtil.closeSession(204) : >closeSession()
[SCEC] 2017-04-07 01:09:48,280 DEBUG edu.uag.iidis.scec.persistencia.hibernate.HibernateUtil.closeSession(212) : -Cerrando la sesión local al thread.
[SCEC] 2017-04-07 01:09:48,281 DEBUG edu.uag.iidis.scec.persistencia.hibernate.HibernateUtil.closeSession(204) : >closeSession()
[SCEC] 2017-04-07 01:09:48,282 DEBUG edu.uag.iidis.scec.persistencia.hibernate.HibernateUtil.beginTransaction(230) : >beginTransaction()
[SCEC] 2017-04-07 01:09:48,282 DEBUG edu.uag.iidis.scec.persistencia.hibernate.HibernateUtil.beginTransaction(237) : -Iniciando una nueva transacción de base de datos en este thread.
[SCEC] 2017-04-07 01:09:48,282 DEBUG edu.uag.iidis.scec.persistencia.hibernate.HibernateUtil.getSession(160) : >getSession()
[SCEC] 2017-04-07 01:09:48,283 DEBUG edu.uag.iidis.scec.persistencia.hibernate.HibernateUtil.getSession(167) : -Abriendo una nueva sesión para el thread.
[SCEC] 2017-04-07 01:09:48,283 DEBUG edu.uag.iidis.scec.persistencia.hibernate.HibernateUtil.closeSession(204) : >closeSession()
[SCEC] 2017-04-07 01:09:48,283 DEBUG edu.uag.iidis.scec.persistencia.hibernate.HibernateUtil.closeSession(212) : -Cerrando la sesión local al thread.
[SCEC] 2017-04-07 01:09:48,285 DEBUG edu.uag.iidis.scec.persistencia.hibernate.HibernateUtil.closeSession(204) : >closeSession()
[SCEC] 2017-04-07 01:09:48,286 DEBUG edu.uag.iidis.scec.persistencia.hibernate.HibernateUtil.closeSession(204) : >closeSession()
[SCEC] 2017-04-07 01:09:48,287 DEBUG edu.uag.iidis.scec.persistencia.hibernate.HibernateUtil.beginTransaction(230) : >beginTransaction()
[SCEC] 2017-04-07 01:09:48,288 DEBUG edu.uag.iidis.scec.persistencia.hibernate.HibernateUtil.rollbackTransaction(287) : >rollbackTransaction()
[SCEC] 2017-04-07 01:09:48,288 DEBUG edu.uag.iidis.scec.persistencia.hibernate.HibernateUtil.rollbackTransaction(295) : -Intentando deshacer la transacción para este thread.
[SCEC] 2017-04-07 01:09:48,288 DEBUG edu.uag.iidis.scec.persistencia.hibernate.HibernateUtil.rollbackTransaction(304) : -Intentando cerrar la sesión.
[SCEC] 2017-04-07 01:09:48,289 DEBUG edu.uag.iidis.scec.persistencia.hibernate.HibernateUtil.closeSession(204) : >closeSession()
[SCEC] 2017-04-07 01:09:48,289 DEBUG edu.uag.iidis.scec.persistencia.hibernate.HibernateUtil.closeSession(204) : >closeSession()
]]></system-out>
  <system-err><![CDATA[]]></system-err>
</testsuite>
